[FlightsHistory][INFO] loaded
[FlightsHistory][INFO] STATE.SPLASH
[FlightsHistory][INFO] STATE.SPLASH
[FlightsHistory][INFO] STATE.SPLASH
[FlightsHistory][INFO] STATE.SPLASH
[FlightsHistory][INFO] STATE.SPLASH
[FlightsHistory][INFO] STATE.SPLASH
[FlightsHistory][INFO] STATE.SPLASH
[FlightsHistory][INFO] STATE.SPLASH
[FlightsHistory][INFO] STATE.SPLASH
[FlightsHistory][INFO] STATE.SPLASH
[FlightsHistory][INFO] STATE.SPLASH
[FlightsHistory][INFO] STATE.SPLASH
[FlightsHistory][INFO] STATE.SPLASH
[FlightsHistory][INFO] STATE.SPLASH
[FlightsHistory][INFO] STATE.SPLASH
[FlightsHistory][INFO] STATE.SPLASH
[FlightsHistory][INFO] STATE.SPLASH
[FlightsHistory][INFO] STATE.SPLASH
[FlightsHistory][INFO] STATE.SPLASH
[FlightsHistory][INFO] STATE.SPLASH
[FlightsHistory][INFO] STATE.SPLASH
[FlightsHistory][INFO] STATE.SPLASH
[FlightsHistory][INFO] STATE.SPLASH
[FlightsHistory][INFO] STATE.SPLASH
[FlightsHistory][INFO] STATE.SPLASH
[FlightsHistory][INFO] STATE.SPLASH
[FlightsHistory][INFO] STATE.SPLASH
[FlightsHistory][INFO] STATE.INIT
[FlightsHistory][INFO] read_history_file: init
[FlightsHistory][INFO] EMPTY VALUE
[FlightsHistory][INFO] loaded
[FlightsHistory][INFO] STATE.SPLASH
[FlightsHistory][INFO] STATE.SPLASH
[FlightsHistory][INFO] STATE.INIT
[FlightsHistory][INFO] read_history_file: init
[FlightsHistory][INFO] EMPTY VALUE
[FlightsHistory][INFO] loaded
[FlightsHistory][INFO] STATE.SPLASH
[FlightsHistory][INFO] STATE.SPLASH
[FlightsHistory][INFO] STATE.INIT
[FlightsHistory][INFO] read_history_file: init
[FlightsHistory][INFO] historyFileRead()
[FlightsHistory][INFO] STATE.FLIGHTS_COUNT_INIT
[FlightsHistory][INFO] calculate_model_summary_list()
[FlightsHistory][INFO] ++++++++++++++++++++++++++++++++
[FlightsHistory][INFO] creating new window gui
[FlightsHistory][INFO] loaded
[FlightsHistory][INFO] STATE.SPLASH
[FlightsHistory][INFO] STATE.SPLASH
[FlightsHistory][INFO] STATE.INIT
[FlightsHistory][INFO] read_history_file: init
[FlightsHistory][INFO] historyFileRead()
[FlightsHistory][INFO] STATE.FLIGHTS_COUNT_INIT
[FlightsHistory][INFO] calculate_model_summary_list()
[FlightsHistory][INFO] ++++++++++++++++++++++++++++++++
[FlightsHistory][INFO] creating new window gui
[FlightsHistory][INFO] loaded
[FlightsHistory][INFO] STATE.SPLASH
[FlightsHistory][INFO] STATE.SPLASH
[FlightsHistory][INFO] STATE.INIT
[FlightsHistory][INFO] read_history_file: init
[FlightsHistory][INFO] historyFileRead()
[FlightsHistory][INFO] STATE.FLIGHTS_COUNT_INIT
[FlightsHistory][INFO] calculate_model_summary_list()
[FlightsHistory][INFO] ++++++++++++++++++++++++++++++++
[FlightsHistory][INFO] creating new window gui
[FlightsHistory][INFO] setting file combo...
[FlightsHistory][INFO] loaded
[FlightsHistory][INFO] STATE.SPLASH
[FlightsHistory][INFO] STATE.SPLASH
[FlightsHistory][INFO] STATE.INIT
[FlightsHistory][INFO] read_history_file: init
[FlightsHistory][INFO] historyFileRead()
[FlightsHistory][INFO] STATE.FLIGHTS_COUNT_INIT
[FlightsHistory][INFO] calculate_model_summary_list()
[FlightsHistory][INFO] ++++++++++++++++++++++++++++++++
[FlightsHistory][INFO] creating new window gui
[FlightsHistory][INFO] setting file combo...
[FlightsHistory][INFO] loaded
[FlightsHistory][INFO] STATE.SPLASH
[FlightsHistory][INFO] STATE.SPLASH
[FlightsHistory][INFO] STATE.INIT
[FlightsHistory][INFO] read_history_file: init
[FlightsHistory][INFO] historyFileRead()
[FlightsHistory][INFO] STATE.FLIGHTS_COUNT_INIT
[FlightsHistory][INFO] calculate_model_summary_list()
[FlightsHistory][INFO] ++++++++++++++++++++++++++++++++
[FlightsHistory][INFO] creating new window gui
[FlightsHistory][INFO] setting file combo...
[FlightsHistory][INFO] loaded
[FlightsHistory][INFO] STATE.SPLASH
[FlightsHistory][INFO] STATE.SPLASH
[FlightsHistory][INFO] STATE.INIT
[FlightsHistory][INFO] read_history_file: init
[FlightsHistory][INFO] historyFileRead()
[FlightsHistory][INFO] STATE.FLIGHTS_COUNT_INIT
[FlightsHistory][INFO] calculate_model_summary_list()
[FlightsHistory][INFO] ++++++++++++++++++++++++++++++++
[FlightsHistory][INFO] creating new window gui
[FlightsHistory][INFO] setting file combo...
[FlightsHistory][INFO] loaded
[FlightsHistory][INFO] STATE.SPLASH
[FlightsHistory][INFO] STATE.SPLASH
[FlightsHistory][INFO] STATE.INIT
[FlightsHistory][INFO] read_history_file: init
[FlightsHistory][INFO] historyFileRead()
[FlightsHistory][INFO] STATE.FLIGHTS_COUNT_INIT
[FlightsHistory][INFO] calculate_model_summary_list()
[FlightsHistory][INFO] ++++++++++++++++++++++++++++++++
[FlightsHistory][INFO] creating new window gui
[FlightsHistory][INFO] setting file combo...
[FlightsHistory][INFO] loaded
[FlightsHistory][INFO] STATE.SPLASH
[FlightsHistory][INFO] STATE.SPLASH
[FlightsHistory][INFO] STATE.INIT
[FlightsHistory][INFO] read_history_file: init
[FlightsHistory][INFO] historyFileRead()
[FlightsHistory][INFO] STATE.FLIGHTS_COUNT_INIT
[FlightsHistory][INFO] calculate_model_summary_list()
[FlightsHistory][INFO] ++++++++++++++++++++++++++++++++
[FlightsHistory][INFO] creating new window gui
[FlightsHistory][INFO] setting file combo...
[FlightsHistory][INFO] loaded
[FlightsHistory][INFO] STATE.SPLASH
[FlightsHistory][INFO] STATE.SPLASH
[FlightsHistory][INFO] STATE.INIT
[FlightsHistory][INFO] read_history_file: init
[FlightsHistory][INFO] historyFileRead()
[FlightsHistory][INFO] STATE.FLIGHTS_COUNT_INIT
[FlightsHistory][INFO] calculate_model_summary_list()
[FlightsHistory][INFO] ++++++++++++++++++++++++++++++++
[FlightsHistory][INFO] creating new window gui
[FlightsHistory][INFO] setting file combo...
[FlightsHistory][INFO] loaded
[FlightsHistory][INFO] STATE.SPLASH
[FlightsHistory][INFO] STATE.SPLASH
[FlightsHistory][INFO] STATE.INIT
[FlightsHistory][INFO] read_history_file: init
[FlightsHistory][INFO] historyFileRead()
[FlightsHistory][INFO] STATE.FLIGHTS_COUNT_INIT
[FlightsHistory][INFO] calculate_model_summary_list()
[FlightsHistory][INFO] ++++++++++++++++++++++++++++++++
[FlightsHistory][INFO] creating new window gui
[FlightsHistory][INFO] setting file combo...
[FlightsHistory][INFO] loaded
[FlightsHistory][INFO] STATE.SPLASH
[FlightsHistory][INFO] STATE.SPLASH
[FlightsHistory][INFO] STATE.INIT
[FlightsHistory][INFO] read_history_file: init
[FlightsHistory][INFO] historyFileRead()
[FlightsHistory][INFO] api_ver: 1
[FlightsHistory][INFO] indexRead: header: flight_date      ,model_name      ,flight_count ,duration ,model_id    

[FlightsHistory][INFO] indexRead: index-line: 2023-08-26 08:29 ,Carbon Cub 2.1m ,21           ,410      ,model14.yml 
[FlightsHistory][INFO] indexRead: line: flight_date: 2023-08-26 08:29, model_name: Carbon Cub 2.1m, flight_count: 21, duration: 410, model_id: model14.yml
[FlightsHistory][INFO] updateFlight(2023-08-26 08:29)
[FlightsHistory][INFO] loaded
[FlightsHistory][INFO] STATE.SPLASH
[FlightsHistory][INFO] STATE.SPLASH
[FlightsHistory][INFO] STATE.INIT
[FlightsHistory][INFO] read_history_file: init
[FlightsHistory][INFO] historyFileRead()
[FlightsHistory][INFO] api_ver: 1
[FlightsHistory][INFO] indexRead: header: flight_date      ,model_name      ,flight_count ,duration ,model_id    

[FlightsHistory][INFO] indexRead: index-line: 2023-08-26 08:29 ,Carbon Cub 2.1m ,21           ,410      ,model14.yml 
[FlightsHistory][INFO] indexRead: line: flight_date: 2023-08-26 08:29, model_name: Carbon Cub 2.1m, flight_count: 21, duration: 410, model_id: model14.yml
[FlightsHistory][INFO] updateFlight(2023-08-26 08:29)
[FlightsHistory][INFO] loaded
[FlightsHistory][INFO] STATE.SPLASH
[FlightsHistory][INFO] STATE.SPLASH
[FlightsHistory][INFO] STATE.INIT
[FlightsHistory][INFO] read_history_file: init
[FlightsHistory][INFO] historyFileRead()
[FlightsHistory][INFO] api_ver: 1
[FlightsHistory][INFO] indexRead: header: flight_date      ,model_name      ,flight_count ,duration ,model_id    

[FlightsHistory][INFO] indexRead: index-line: 2023-08-26 08:29 ,Carbon Cub 2.1m ,21           ,410      ,model14.yml 
[FlightsHistory][INFO] indexRead: line: flight_date: 2023-08-26 08:29, model_name: Carbon Cub 2.1m, flight_count: 21, duration: 410, model_id: model14.yml
[FlightsHistory][INFO] updateFlight(2023-08-26 08:29)
[FlightsHistory][INFO] loaded
[FlightsHistory][INFO] STATE.SPLASH
[FlightsHistory][INFO] STATE.SPLASH
[FlightsHistory][INFO] STATE.INIT
[FlightsHistory][INFO] read_history_file: init
[FlightsHistory][INFO] historyFileRead()
[FlightsHistory][INFO] api_ver: 1
[FlightsHistory][INFO] indexRead: header: flight_date      ,model_name      ,flight_count ,duration ,model_id    

[FlightsHistory][INFO] indexRead: index-line: 2023-08-26 08:29 ,Carbon Cub 2.1m ,21           ,410      ,model14.yml 
[FlightsHistory][INFO] indexRead: line: flight_date: 2023-08-26 08:29, model_name: Carbon Cub 2.1m, flight_count: 21, duration: 410, model_id: model14.yml
[FlightsHistory][INFO] updateFlight(2023-08-26 08:29)
[FlightsHistory][INFO] loaded
[FlightsHistory][INFO] STATE.SPLASH
[FlightsHistory][INFO] STATE.SPLASH
[FlightsHistory][INFO] STATE.INIT
[FlightsHistory][INFO] read_history_file: init
[FlightsHistory][INFO] historyFileRead()
[FlightsHistory][INFO] api_ver: 1
[FlightsHistory][INFO] indexRead: header: flight_date      ,model_name      ,flight_count ,duration ,model_id    

[FlightsHistory][INFO] indexRead: index-line: 2023-08-26 08:29 ,Carbon Cub 2.1m ,21           ,410      ,model14.yml 
[FlightsHistory][INFO] indexRead: line: flight_date: 2023-08-26 08:29, model_name: Carbon Cub 2.1m, flight_count: 21, duration: 410, model_id: model14.yml
[FlightsHistory][INFO] updateFlight(2023-08-26 08:29)
[FlightsHistory][INFO] loaded
[FlightsHistory][INFO] STATE.SPLASH
[FlightsHistory][INFO] STATE.SPLASH
[FlightsHistory][INFO] STATE.INIT
[FlightsHistory][INFO] read_history_file: init
[FlightsHistory][INFO] historyFileRead()
[FlightsHistory][INFO] api_ver: 1
[FlightsHistory][INFO] indexRead: header: flight_date      ,model_name      ,flight_count ,duration ,model_id    

[FlightsHistory][INFO] indexRead: index-line: 2023-08-26 08:29 ,Carbon Cub 2.1m ,21           ,410      ,model14.yml 
[FlightsHistory][INFO] indexRead: line: flight_date: 2023-08-26 08:29, model_name: Carbon Cub 2.1m, flight_count: 21, duration: 410, model_id: model14.yml
[FlightsHistory][INFO] updateFlight(2023-08-26 08:29)
[FlightsHistory][INFO] loaded
[FlightsHistory][INFO] STATE.SPLASH
[FlightsHistory][INFO] STATE.SPLASH
[FlightsHistory][INFO] STATE.INIT
[FlightsHistory][INFO] read_history_file: init
[FlightsHistory][INFO] historyFileRead()
[FlightsHistory][INFO] api_ver: 1
[FlightsHistory][INFO] indexRead: header: flight_date      ,model_name      ,flight_count ,duration ,model_id    

[FlightsHistory][INFO] indexRead: index-line: 2023-08-26 08:29 ,Carbon Cub 2.1m ,21           ,410      ,model14.yml 
[FlightsHistory][INFO] indexRead: line: flight_date: 2023-08-26 08:29, model_name: Carbon Cub 2.1m, flight_count: 21, duration: 410, model_id: model14.yml
[FlightsHistory][INFO] updateFlight(2023-08-26 08:29)
[FlightsHistory][INFO] loaded
[FlightsHistory][INFO] STATE.SPLASH
[FlightsHistory][INFO] STATE.SPLASH
[FlightsHistory][INFO] STATE.INIT
[FlightsHistory][INFO] read_history_file: init
[FlightsHistory][INFO] historyFileRead()
[FlightsHistory][INFO] api_ver: 1
[FlightsHistory][INFO] indexRead: header: flight_date      ,model_name      ,flight_count ,duration ,model_id    

[FlightsHistory][INFO] indexRead: index-line: 2023-08-26 08:29 ,Carbon Cub 2.1m ,21           ,410      ,model14.yml 
[FlightsHistory][INFO] indexRead: line: flight_date: 2023-08-26 08:29, model_name: Carbon Cub 2.1m, flight_count: 21, duration: 410, model_id: model14.yml
[FlightsHistory][INFO] updateFlight(2023-08-26 08:29)
[FlightsHistory][INFO] loaded
[FlightsHistory][INFO] STATE.SPLASH
[FlightsHistory][INFO] STATE.SPLASH
[FlightsHistory][INFO] STATE.INIT
[FlightsHistory][INFO] read_history_file: init
[FlightsHistory][INFO] historyFileRead()
[FlightsHistory][INFO] api_ver: 1
[FlightsHistory][INFO] indexRead: header: flight_date      ,model_name      ,flight_count ,duration ,model_id    

[FlightsHistory][INFO] indexRead: index-line: 2023-08-26 08:29 ,Carbon Cub 2.1m ,21           ,410      ,model14.yml 
[FlightsHistory][INFO] indexRead: line: flight_date: 2023-08-26 08:29, model_name: Carbon Cub 2.1m, flight_count: 21, duration: 410, model_id: model14.yml
[FlightsHistory][INFO] updateFlight(2023-08-26 08:29)
[FlightsHistory][INFO] loaded
[FlightsHistory][INFO] STATE.SPLASH
[FlightsHistory][INFO] STATE.SPLASH
[FlightsHistory][INFO] STATE.INIT
[FlightsHistory][INFO] read_history_file: init
[FlightsHistory][INFO] historyFileRead()
[FlightsHistory][INFO] api_ver: 1
[FlightsHistory][INFO] indexRead: header: flight_date      ,model_name      ,flight_count ,duration ,model_id    

[FlightsHistory][INFO] indexRead: index-line: 2023-08-26 08:29 ,Carbon Cub 2.1m ,21           ,410      ,model14.yml 
[FlightsHistory][INFO] indexRead: line: flight_date: 2023-08-26 08:29, model_name: Carbon Cub 2.1m, flight_count: 21, duration: 410, model_id: model14.yml
[FlightsHistory][INFO] updateFlight(2023-08-26 08:29)
[FlightsHistory][INFO] loaded
[FlightsHistory][INFO] STATE.SPLASH
[FlightsHistory][INFO] STATE.SPLASH
[FlightsHistory][INFO] STATE.INIT
[FlightsHistory][INFO] read_history_file: init
[FlightsHistory][INFO] historyFileRead()
[FlightsHistory][INFO] api_ver: 1
[FlightsHistory][INFO] indexRead: header: flight_date      ,model_name      ,flight_count ,duration ,model_id    

[FlightsHistory][INFO] indexRead: index-line: 2023-08-26 08:29 ,Carbon Cub 2.1m ,21           ,410      ,model14.yml 
[FlightsHistory][INFO] indexRead: line: flight_date: 2023-08-26 08:29, model_name: Carbon Cub 2.1m, flight_count: 21, duration: 410, model_id: model14.yml
[FlightsHistory][INFO] updateFlight(2023-08-26 08:29)
[FlightsHistory][INFO] loaded
[FlightsHistory][INFO] STATE.SPLASH
[FlightsHistory][INFO] STATE.SPLASH
[FlightsHistory][INFO] STATE.INIT
[FlightsHistory][INFO] read_history_file: init
[FlightsHistory][INFO] historyFileRead()
[FlightsHistory][INFO] api_ver: 1
[FlightsHistory][INFO] indexRead: header: flight_date      ,model_name      ,flight_count ,duration ,model_id    

[FlightsHistory][INFO] indexRead: index-line: 2023-08-26 08:29 ,Carbon Cub 2.1m ,21           ,410      ,model14.yml 
[FlightsHistory][INFO] indexRead: line: flight_date: 2023-08-26 08:29, model_name: Carbon Cub 2.1m, flight_count: 21, duration: 410, model_id: model14.yml
[FlightsHistory][INFO] updateFlight(2023-08-26 08:29)
[FlightsHistory][INFO] loaded
[FlightsHistory][INFO] STATE.SPLASH
[FlightsHistory][INFO] STATE.SPLASH
[FlightsHistory][INFO] STATE.INIT
[FlightsHistory][INFO] read_history_file: init
[FlightsHistory][INFO] historyFileRead()
[FlightsHistory][INFO] api_ver: 1
[FlightsHistory][INFO] indexRead: header: flight_date      ,model_name      ,flight_count ,duration ,model_id    

[FlightsHistory][INFO] indexRead: index-line: 2023-08-26 08:29 ,Carbon Cub 2.1m ,21           ,410      ,model14.yml 
[FlightsHistory][INFO] indexRead: line: flight_date: 2023-08-26 08:29, model_name: Carbon Cub 2.1m, flight_count: 21, duration: 410, model_id: model14.yml
[FlightsHistory][INFO] updateFlight(2023-08-26 08:29)
[FlightsHistory][INFO] loaded
[FlightsHistory][INFO] STATE.SPLASH
[FlightsHistory][INFO] STATE.SPLASH
[FlightsHistory][INFO] STATE.INIT
[FlightsHistory][INFO] read_history_file: init
[FlightsHistory][INFO] historyFileRead()
[FlightsHistory][INFO] api_ver: 1
[FlightsHistory][INFO] indexRead: header: flight_date      ,model_name      ,flight_count ,duration ,model_id    

[FlightsHistory][INFO] indexRead: index-line: 2023-08-26 08:29 ,Carbon Cub 2.1m ,21           ,410      ,model14.yml 
[FlightsHistory][INFO] indexRead: line: flight_date: 2023-08-26 08:29, model_name: Carbon Cub 2.1m, flight_count: 21, duration: 410, model_id: model14.yml
[FlightsHistory][INFO] updateFlight(2023-08-26 08:29)
[FlightsHistory][INFO] loaded
[FlightsHistory][INFO] STATE.SPLASH
[FlightsHistory][INFO] STATE.SPLASH
[FlightsHistory][INFO] STATE.INIT
[FlightsHistory][INFO] read_history_file: init
[FlightsHistory][INFO] historyFileRead()
[FlightsHistory][INFO] api_ver: 1
[FlightsHistory][INFO] indexRead: header: flight_date      ,model_name      ,flight_count ,duration ,model_id    

[FlightsHistory][INFO] indexRead: index-line: 2023-08-26 08:29 ,Carbon Cub 2.1m ,21           ,410      ,model14.yml 
[FlightsHistory][INFO] indexRead: line: flight_date: 2023-08-26 08:29, model_name: Carbon Cub 2.1m, flight_count: 21, duration: 410, model_id: model14.yml
[FlightsHistory][INFO] updateFlight(2023-08-26 08:29)
[FlightsHistory][INFO] loaded
[FlightsHistory][INFO] STATE.SPLASH
[FlightsHistory][INFO] STATE.SPLASH
[FlightsHistory][INFO] STATE.INIT
[FlightsHistory][INFO] read_history_file: init
[FlightsHistory][INFO] historyFileRead()
[FlightsHistory][INFO] api_ver: 1
[FlightsHistory][INFO] indexRead: header: flight_date      ,model_name      ,flight_count ,duration ,model_id    

[FlightsHistory][INFO] indexRead: index-line: 2023-08-26 08:29 ,Carbon Cub 2.1m ,21           ,410      ,model14.yml 
[FlightsHistory][INFO] indexRead: line: flight_date: 2023-08-26 08:29, model_name: Carbon Cub 2.1m, flight_count: 21, duration: 410, model_id: model14.yml
[FlightsHistory][INFO] updateFlight(2023-08-26 08:29)
[FlightsHistory][INFO] loaded
[FlightsHistory][INFO] STATE.SPLASH
[FlightsHistory][INFO] STATE.SPLASH
[FlightsHistory][INFO] STATE.INIT
[FlightsHistory][INFO] read_history_file: init
[FlightsHistory][INFO] historyFileRead()
[FlightsHistory][INFO] api_ver: 1
[FlightsHistory][INFO] indexRead: header: flight_date      ,model_name      ,flight_count ,duration ,model_id    

[FlightsHistory][INFO] indexRead: index-line: 2023-08-26 08:29 ,Carbon Cub 2.1m ,21           ,410      ,model14.yml 
[FlightsHistory][INFO] indexRead: line: flight_date: 2023-08-26 08:29, model_name: Carbon Cub 2.1m, flight_count: 21, duration: 410, model_id: model14.yml
[FlightsHistory][INFO] updateFlight(2023-08-26 08:29)
